<?xml version="1.0" encoding="UTF-8"?>
<!-- Generated by org.testng.reporters.JUnitReportReporter -->
<testsuite hostname="Hariom" failures="0" tests="8" name="com.testCase.TestCases" time="195.643" errors="0" timestamp="2024-07-13T17:57:53 IST" skipped="5">
  <testcase classname="com.testCase.TestCases" name="search1" time="2.019"/>
  <system-out/>
  <testcase classname="com.testCase.TestCases" name="testCase_1" time="82.348"/>
  <system-out/>
  <testcase classname="com.testCase.TestCases" name="testCase_2" time="111.276"/>
  <system-out/>
  <testcase classname="com.testCase.TestCases" name="testCase_4">
    <skipped/>
  </testcase> <!-- testCase_4 -->
  <system-out/>
  <testcase classname="com.testCase.TestCases" name="testCase_3">
    <skipped/>
  </testcase> <!-- testCase_3 -->
  <system-out/>
  <testcase classname="com.testCase.TestCases" name="testCase_6">
    <skipped/>
  </testcase> <!-- testCase_6 -->
  <system-out/>
  <testcase classname="com.testCase.TestCases" name="testCase_5">
    <skipped/>
  </testcase> <!-- testCase_5 -->
  <system-out/>
  <testcase classname="com.testCase.TestCases" name="testCase_7">
    <skipped/>
  </testcase> <!-- testCase_7 -->
  <system-out/>
</testsuite> <!-- com.testCase.TestCases -->
